<?xml version="1.0" encoding="UTF-8"?>
<testng-results ignored="0" total="1" passed="1" failed="0" skipped="0">
  <reporter-output>
  </reporter-output>
  <suite started-at="2023-08-17T14:05:54 IST" name="Default suite" finished-at="2023-08-17T14:06:08 IST" duration-ms="13597">
    <groups>
    </groups>
    <test started-at="2023-08-17T14:05:54 IST" name="Default test" finished-at="2023-08-17T14:06:08 IST" duration-ms="13597">
      <class name="ATB.Assignment.selenium01">
        <test-method is-config="true" signature="setUp()[pri:0, instance:ATB.Assignment.selenium01@25df00a0]" started-at="2023-08-17T14:05:46 IST" name="setUp" finished-at="2023-08-17T14:05:54 IST" duration-ms="8522" status="PASS">
          <reporter-output>
          </reporter-output>
        </test-method> <!-- setUp -->
        <test-method signature="sdet()[pri:0, instance:ATB.Assignment.selenium01@25df00a0]" started-at="2023-08-17T14:05:54 IST" name="sdet" finished-at="2023-08-17T14:06:07 IST" duration-ms="12905" status="PASS">
          <reporter-output>
          </reporter-output>
        </test-method> <!-- sdet -->
      </class> <!-- ATB.Assignment.selenium01 -->
    </test> <!-- Default test -->
  </suite> <!-- Default suite -->
</testng-results>
