<?xml version="1.0" encoding="UTF-8"?>
<testng-results ignored="0" total="1" passed="1" failed="0" skipped="0">
  <reporter-output>
  </reporter-output>
  <suite started-at="2023-08-17T14:35:51 IST" name="Default suite" finished-at="2023-08-17T14:36:02 IST" duration-ms="10383">
    <groups>
    </groups>
    <test started-at="2023-08-17T14:35:51 IST" name="Default test" finished-at="2023-08-17T14:36:02 IST" duration-ms="10383">
      <class name="ATB.Assignment.selenium01">
        <test-method is-config="true" signature="setUp()[pri:0, instance:ATB.Assignment.selenium01@5884a914]" started-at="2023-08-17T14:35:35 IST" name="setUp" finished-at="2023-08-17T14:35:51 IST" duration-ms="16477" status="PASS">
          <reporter-output>
          </reporter-output>
        </test-method> <!-- setUp -->
        <test-method signature="sdet()[pri:0, instance:ATB.Assignment.selenium01@5884a914]" started-at="2023-08-17T14:35:52 IST" name="sdet" finished-at="2023-08-17T14:36:00 IST" duration-ms="8243" status="PASS">
          <reporter-output>
          </reporter-output>
        </test-method> <!-- sdet -->
        <test-method is-config="true" signature="logOut()[pri:0, instance:ATB.Assignment.selenium01@5884a914]" started-at="2023-08-17T14:36:02 IST" name="logOut" finished-at="2023-08-17T14:36:09 IST" duration-ms="7431" status="PASS">
          <reporter-output>
          </reporter-output>
        </test-method> <!-- logOut -->
      </class> <!-- ATB.Assignment.selenium01 -->
    </test> <!-- Default test -->
  </suite> <!-- Default suite -->
</testng-results>
